[18-Nov-2025 08:40:48 UTC] PHP Warning:  Undefined variable $produk in C:\laragon\www\Gyruss-Cake-Web\index.php on line 101
[18-Nov-2025 08:40:48 UTC] PHP Warning:  foreach() argument must be of type array|object, null given in C:\laragon\www\Gyruss-Cake-Web\index.php on line 101
[18-Nov-2025 08:46:59 UTC] PHP Warning:  Undefined variable $produk in C:\laragon\www\Gyruss-Cake-Web\index.php on line 101
[18-Nov-2025 08:46:59 UTC] PHP Warning:  foreach() argument must be of type array|object, null given in C:\laragon\www\Gyruss-Cake-Web\index.php on line 101
[18-Nov-2025 08:48:43 UTC] PHP Warning:  Undefined variable $produk in C:\laragon\www\Gyruss-Cake-Web\index.php on line 101
[18-Nov-2025 08:48:43 UTC] PHP Warning:  foreach() argument must be of type array|object, null given in C:\laragon\www\Gyruss-Cake-Web\index.php on line 101
[18-Nov-2025 08:50:20 UTC] PHP Warning:  Undefined variable $produk in C:\laragon\www\Gyruss-Cake-Web\index.php on line 101
[18-Nov-2025 08:50:20 UTC] PHP Warning:  foreach() argument must be of type array|object, null given in C:\laragon\www\Gyruss-Cake-Web\index.php on line 101
[18-Nov-2025 08:52:11 UTC] PHP Warning:  Undefined variable $produk in C:\laragon\www\Gyruss-Cake-Web\index.php on line 101
[18-Nov-2025 08:52:11 UTC] PHP Warning:  foreach() argument must be of type array|object, null given in C:\laragon\www\Gyruss-Cake-Web\index.php on line 101
[18-Nov-2025 08:54:57 UTC] PHP Warning:  Undefined variable $produk in C:\laragon\www\Gyruss-Cake-Web\index.php on line 101
[18-Nov-2025 08:54:57 UTC] PHP Warning:  foreach() argument must be of type array|object, null given in C:\laragon\www\Gyruss-Cake-Web\index.php on line 101
[18-Nov-2025 08:54:57 UTC] PHP Warning:  Undefined variable $produk in C:\laragon\www\Gyruss-Cake-Web\index.php on line 120
[18-Nov-2025 08:54:57 UTC] PHP Fatal error:  Uncaught TypeError: mysqli_num_rows(): Argument #1 ($result) must be of type mysqli_result, null given in C:\laragon\www\Gyruss-Cake-Web\index.php:120
Stack trace:
#0 C:\laragon\www\Gyruss-Cake-Web\index.php(120): mysqli_num_rows(NULL)
#1 {main}
  thrown in C:\laragon\www\Gyruss-Cake-Web\index.php on line 120
[18-Nov-2025 08:55:33 UTC] PHP Warning:  Undefined variable $produk in C:\laragon\www\Gyruss-Cake-Web\index.php on line 101
[18-Nov-2025 08:55:33 UTC] PHP Warning:  foreach() argument must be of type array|object, null given in C:\laragon\www\Gyruss-Cake-Web\index.php on line 101
[18-Nov-2025 08:55:33 UTC] PHP Warning:  Undefined variable $produk in C:\laragon\www\Gyruss-Cake-Web\index.php on line 120
[18-Nov-2025 08:55:33 UTC] PHP Fatal error:  Uncaught TypeError: mysqli_num_rows(): Argument #1 ($result) must be of type mysqli_result, null given in C:\laragon\www\Gyruss-Cake-Web\index.php:120
Stack trace:
#0 C:\laragon\www\Gyruss-Cake-Web\index.php(120): mysqli_num_rows(NULL)
#1 {main}
  thrown in C:\laragon\www\Gyruss-Cake-Web\index.php on line 120
[18-Nov-2025 08:55:39 UTC] PHP Warning:  Undefined variable $produk in C:\laragon\www\Gyruss-Cake-Web\index.php on line 101
[18-Nov-2025 08:55:39 UTC] PHP Warning:  foreach() argument must be of type array|object, null given in C:\laragon\www\Gyruss-Cake-Web\index.php on line 101
[18-Nov-2025 09:12:23 UTC] PHP Warning:  Undefined array key "nama" in C:\laragon\www\Gyruss-Cake-Web\index.php on line 109
[18-Nov-2025 09:12:24 UTC] PHP Warning:  Undefined array key "nama" in C:\laragon\www\Gyruss-Cake-Web\index.php on line 109
[18-Nov-2025 09:12:24 UTC] PHP Warning:  Undefined array key "nama" in C:\laragon\www\Gyruss-Cake-Web\index.php on line 109
[18-Nov-2025 09:15:50 UTC] PHP Fatal error:  Uncaught TypeError: number_format(): Argument #1 ($num) must be of type float, string given in C:\laragon\www\Gyruss-Cake-Web\index.php:107
Stack trace:
#0 C:\laragon\www\Gyruss-Cake-Web\index.php(107): number_format('Lapis Legit Bes...', 0, ',', '.')
#1 {main}
  thrown in C:\laragon\www\Gyruss-Cake-Web\index.php on line 107
[18-Nov-2025 09:16:05 UTC] PHP Fatal error:  Uncaught TypeError: number_format(): Argument #1 ($num) must be of type float, string given in C:\laragon\www\Gyruss-Cake-Web\index.php:107
Stack trace:
#0 C:\laragon\www\Gyruss-Cake-Web\index.php(107): number_format('Lapis Legit Bes...', 0, ',', '.')
#1 {main}
  thrown in C:\laragon\www\Gyruss-Cake-Web\index.php on line 107
[18-Nov-2025 09:16:23 UTC] PHP Fatal error:  Uncaught TypeError: number_format(): Argument #1 ($num) must be of type float, string given in C:\laragon\www\Gyruss-Cake-Web\index.php:107
Stack trace:
#0 C:\laragon\www\Gyruss-Cake-Web\index.php(107): number_format('Lapis Legit Bes...', 0, ',', '.')
#1 {main}
  thrown in C:\laragon\www\Gyruss-Cake-Web\index.php on line 107
[18-Nov-2025 09:16:46 UTC] PHP Fatal error:  Uncaught TypeError: number_format(): Argument #1 ($num) must be of type float, string given in C:\laragon\www\Gyruss-Cake-Web\index.php:107
Stack trace:
#0 C:\laragon\www\Gyruss-Cake-Web\index.php(107): number_format('Lapis Legit Bes...', 0, ',', '.')
#1 {main}
  thrown in C:\laragon\www\Gyruss-Cake-Web\index.php on line 107
[18-Nov-2025 09:16:55 UTC] PHP Fatal error:  Uncaught TypeError: number_format(): Argument #1 ($num) must be of type float, string given in C:\laragon\www\Gyruss-Cake-Web\index.php:107
Stack trace:
#0 C:\laragon\www\Gyruss-Cake-Web\index.php(107): number_format('Lapis Legit Bes...', 0, ',', '.')
#1 {main}
  thrown in C:\laragon\www\Gyruss-Cake-Web\index.php on line 107
[18-Nov-2025 09:48:10 UTC] PHP Warning:  Undefined variable $p in C:\laragon\www\Gyruss-Cake-Web\index.php on line 108
[18-Nov-2025 09:48:10 UTC] PHP Warning:  Trying to access array offset on value of type null in C:\laragon\www\Gyruss-Cake-Web\index.php on line 108
[18-Nov-2025 09:48:10 UTC] PHP Warning:  Undefined variable $p in C:\laragon\www\Gyruss-Cake-Web\index.php on line 109
[18-Nov-2025 09:48:10 UTC] PHP Warning:  Trying to access array offset on value of type null in C:\laragon\www\Gyruss-Cake-Web\index.php on line 109
[18-Nov-2025 09:48:10 UTC] PHP Warning:  Undefined variable $p in C:\laragon\www\Gyruss-Cake-Web\index.php on line 112
[18-Nov-2025 09:48:10 UTC] PHP Warning:  Trying to access array offset on value of type null in C:\laragon\www\Gyruss-Cake-Web\index.php on line 112
[18-Nov-2025 09:48:10 UTC] PHP Warning:  Undefined variable $p in C:\laragon\www\Gyruss-Cake-Web\index.php on line 112
[18-Nov-2025 09:48:10 UTC] PHP Warning:  Trying to access array offset on value of type null in C:\laragon\www\Gyruss-Cake-Web\index.php on line 112
[18-Nov-2025 09:48:10 UTC] PHP Warning:  Undefined variable $p in C:\laragon\www\Gyruss-Cake-Web\index.php on line 108
[18-Nov-2025 09:48:10 UTC] PHP Warning:  Trying to access array offset on value of type null in C:\laragon\www\Gyruss-Cake-Web\index.php on line 108
[18-Nov-2025 09:48:10 UTC] PHP Warning:  Undefined variable $p in C:\laragon\www\Gyruss-Cake-Web\index.php on line 109
[18-Nov-2025 09:48:10 UTC] PHP Warning:  Trying to access array offset on value of type null in C:\laragon\www\Gyruss-Cake-Web\index.php on line 109
[18-Nov-2025 09:48:10 UTC] PHP Warning:  Undefined variable $p in C:\laragon\www\Gyruss-Cake-Web\index.php on line 112
[18-Nov-2025 09:48:10 UTC] PHP Warning:  Trying to access array offset on value of type null in C:\laragon\www\Gyruss-Cake-Web\index.php on line 112
[18-Nov-2025 09:48:10 UTC] PHP Warning:  Undefined variable $p in C:\laragon\www\Gyruss-Cake-Web\index.php on line 112
[18-Nov-2025 09:48:10 UTC] PHP Warning:  Trying to access array offset on value of type null in C:\laragon\www\Gyruss-Cake-Web\index.php on line 112
[18-Nov-2025 09:48:48 UTC] PHP Warning:  Undefined variable $p in C:\laragon\www\Gyruss-Cake-Web\index.php on line 108
[18-Nov-2025 09:48:48 UTC] PHP Warning:  Trying to access array offset on value of type null in C:\laragon\www\Gyruss-Cake-Web\index.php on line 108
[18-Nov-2025 09:48:48 UTC] PHP Warning:  Undefined variable $p in C:\laragon\www\Gyruss-Cake-Web\index.php on line 109
[18-Nov-2025 09:48:48 UTC] PHP Warning:  Trying to access array offset on value of type null in C:\laragon\www\Gyruss-Cake-Web\index.php on line 109
[18-Nov-2025 09:48:48 UTC] PHP Warning:  Undefined variable $p in C:\laragon\www\Gyruss-Cake-Web\index.php on line 112
[18-Nov-2025 09:48:48 UTC] PHP Warning:  Trying to access array offset on value of type null in C:\laragon\www\Gyruss-Cake-Web\index.php on line 112
[18-Nov-2025 09:48:48 UTC] PHP Warning:  Undefined variable $p in C:\laragon\www\Gyruss-Cake-Web\index.php on line 112
[18-Nov-2025 09:48:48 UTC] PHP Warning:  Trying to access array offset on value of type null in C:\laragon\www\Gyruss-Cake-Web\index.php on line 112
[18-Nov-2025 09:48:48 UTC] PHP Warning:  Undefined variable $p in C:\laragon\www\Gyruss-Cake-Web\index.php on line 108
[18-Nov-2025 09:48:48 UTC] PHP Warning:  Trying to access array offset on value of type null in C:\laragon\www\Gyruss-Cake-Web\index.php on line 108
[18-Nov-2025 09:48:48 UTC] PHP Warning:  Undefined variable $p in C:\laragon\www\Gyruss-Cake-Web\index.php on line 109
[18-Nov-2025 09:48:48 UTC] PHP Warning:  Trying to access array offset on value of type null in C:\laragon\www\Gyruss-Cake-Web\index.php on line 109
[18-Nov-2025 09:48:48 UTC] PHP Warning:  Undefined variable $p in C:\laragon\www\Gyruss-Cake-Web\index.php on line 112
[18-Nov-2025 09:48:48 UTC] PHP Warning:  Trying to access array offset on value of type null in C:\laragon\www\Gyruss-Cake-Web\index.php on line 112
[18-Nov-2025 09:48:48 UTC] PHP Warning:  Undefined variable $p in C:\laragon\www\Gyruss-Cake-Web\index.php on line 112
[18-Nov-2025 09:48:48 UTC] PHP Warning:  Trying to access array offset on value of type null in C:\laragon\www\Gyruss-Cake-Web\index.php on line 112
[18-Nov-2025 09:49:16 UTC] PHP Warning:  Undefined variable $p in C:\laragon\www\Gyruss-Cake-Web\index.php on line 112
[18-Nov-2025 09:49:16 UTC] PHP Warning:  Trying to access array offset on value of type null in C:\laragon\www\Gyruss-Cake-Web\index.php on line 112
[18-Nov-2025 09:49:16 UTC] PHP Warning:  Undefined array key "nama_produk" in C:\laragon\www\Gyruss-Cake-Web\index.php on line 112
[18-Nov-2025 09:49:16 UTC] PHP Warning:  Undefined variable $p in C:\laragon\www\Gyruss-Cake-Web\index.php on line 112
[18-Nov-2025 09:49:16 UTC] PHP Warning:  Trying to access array offset on value of type null in C:\laragon\www\Gyruss-Cake-Web\index.php on line 112
[18-Nov-2025 09:49:16 UTC] PHP Warning:  Undefined array key "nama_produk" in C:\laragon\www\Gyruss-Cake-Web\index.php on line 112
[18-Nov-2025 09:49:40 UTC] PHP Warning:  Undefined array key "nama_produk" in C:\laragon\www\Gyruss-Cake-Web\index.php on line 112
[18-Nov-2025 09:49:40 UTC] PHP Warning:  Undefined array key "nama_produk" in C:\laragon\www\Gyruss-Cake-Web\index.php on line 112
