[05-Dec-2025 14:54:16 UTC] PHP Warning:  include(../include/connect.php): Failed to open stream: No such file or directory in C:\laragon\www\Gyruss-Cake-Web\Admin\pages\testimoni.php on line 18
[05-Dec-2025 14:54:16 UTC] PHP Warning:  include(): Failed opening '../include/connect.php' for inclusion (include_path='.;C:/laragon/etc/php/pear') in C:\laragon\www\Gyruss-Cake-Web\Admin\pages\testimoni.php on line 18
[05-Dec-2025 14:54:16 UTC] PHP Warning:  include(../include/header.php): Failed to open stream: No such file or directory in C:\laragon\www\Gyruss-Cake-Web\Admin\pages\testimoni.php on line 39
[05-Dec-2025 14:54:16 UTC] PHP Warning:  include(): Failed opening '../include/header.php' for inclusion (include_path='.;C:/laragon/etc/php/pear') in C:\laragon\www\Gyruss-Cake-Web\Admin\pages\testimoni.php on line 39
[05-Dec-2025 14:54:16 UTC] PHP Warning:  Undefined variable $rataRating in C:\laragon\www\Gyruss-Cake-Web\Admin\pages\testimoni.php on line 56
[05-Dec-2025 14:54:16 UTC] PHP Deprecated:  number_format(): Passing null to parameter #1 ($num) of type float is deprecated in C:\laragon\www\Gyruss-Cake-Web\Admin\pages\testimoni.php on line 56
[05-Dec-2025 14:54:16 UTC] PHP Warning:  Undefined variable $rataRating in C:\laragon\www\Gyruss-Cake-Web\Admin\pages\testimoni.php on line 63
[05-Dec-2025 14:54:16 UTC] PHP Deprecated:  floor(): Passing null to parameter #1 ($num) of type int|float is deprecated in C:\laragon\www\Gyruss-Cake-Web\Admin\pages\testimoni.php on line 64
[05-Dec-2025 14:54:16 UTC] PHP Warning:  Undefined variable $totalReviews in C:\laragon\www\Gyruss-Cake-Web\Admin\pages\testimoni.php on line 79
[05-Dec-2025 14:54:16 UTC] PHP Deprecated:  number_format(): Passing null to parameter #1 ($num) of type float is deprecated in C:\laragon\www\Gyruss-Cake-Web\Admin\pages\testimoni.php on line 79
[05-Dec-2025 14:54:16 UTC] PHP Warning:  include(../include/footer.php): Failed to open stream: No such file or directory in C:\laragon\www\Gyruss-Cake-Web\Admin\pages\testimoni.php on line 243
[05-Dec-2025 14:54:16 UTC] PHP Warning:  include(): Failed opening '../include/footer.php' for inclusion (include_path='.;C:/laragon/etc/php/pear') in C:\laragon\www\Gyruss-Cake-Web\Admin\pages\testimoni.php on line 243
[05-Dec-2025 14:55:04 UTC] PHP Warning:  include(../include/connect.php): Failed to open stream: No such file or directory in C:\laragon\www\Gyruss-Cake-Web\Admin\pages\testimoni.php on line 18
[05-Dec-2025 14:55:04 UTC] PHP Warning:  include(): Failed opening '../include/connect.php' for inclusion (include_path='.;C:/laragon/etc/php/pear') in C:\laragon\www\Gyruss-Cake-Web\Admin\pages\testimoni.php on line 18
[05-Dec-2025 14:55:04 UTC] PHP Warning:  include(../include/header.php): Failed to open stream: No such file or directory in C:\laragon\www\Gyruss-Cake-Web\Admin\pages\testimoni.php on line 39
[05-Dec-2025 14:55:04 UTC] PHP Warning:  include(): Failed opening '../include/header.php' for inclusion (include_path='.;C:/laragon/etc/php/pear') in C:\laragon\www\Gyruss-Cake-Web\Admin\pages\testimoni.php on line 39
[05-Dec-2025 14:55:04 UTC] PHP Warning:  Undefined variable $rataRating in C:\laragon\www\Gyruss-Cake-Web\Admin\pages\testimoni.php on line 56
[05-Dec-2025 14:55:04 UTC] PHP Deprecated:  number_format(): Passing null to parameter #1 ($num) of type float is deprecated in C:\laragon\www\Gyruss-Cake-Web\Admin\pages\testimoni.php on line 56
[05-Dec-2025 14:55:04 UTC] PHP Warning:  Undefined variable $rataRating in C:\laragon\www\Gyruss-Cake-Web\Admin\pages\testimoni.php on line 63
[05-Dec-2025 14:55:04 UTC] PHP Deprecated:  floor(): Passing null to parameter #1 ($num) of type int|float is deprecated in C:\laragon\www\Gyruss-Cake-Web\Admin\pages\testimoni.php on line 64
[05-Dec-2025 14:55:04 UTC] PHP Warning:  Undefined variable $totalReviews in C:\laragon\www\Gyruss-Cake-Web\Admin\pages\testimoni.php on line 79
[05-Dec-2025 14:55:04 UTC] PHP Deprecated:  number_format(): Passing null to parameter #1 ($num) of type float is deprecated in C:\laragon\www\Gyruss-Cake-Web\Admin\pages\testimoni.php on line 79
